{"level":"info","message":"Server started","timestamp":"2025-01-23T12:26:51.507Z"}
{"level":"error","message":"An error occurred","timestamp":"2025-01-23T12:26:51.509Z"}
{"level":"info","message":"Server started","timestamp":"2025-01-24T17:34:28.625Z"}
{"level":"error","message":"An error occurred","timestamp":"2025-01-24T17:34:28.627Z"}
2025-01-25T14:22:38.097Z [INFO]: Server running on port 5000
2025-01-25T14:36:45.895Z [INFO]: Server running on port 5000
2025-01-26T09:56:19.040Z [INFO]: Server running on port 5000
2025-01-26T10:02:25.110Z [INFO]: Server running on port 5000
2025-01-26T10:05:14.274Z [INFO]: Server running on port 5000
2025-01-26T10:07:20.083Z [INFO]: Server running on port 5000
2025-01-26T10:22:58.548Z [INFO]: Closing server...
2025-01-26T10:23:06.470Z [INFO]: Server running on port 5000
2025-01-26T10:26:47.880Z [INFO]: Closing server...
2025-01-26T10:26:51.175Z [INFO]: Server running on port 5000
2025-01-26T10:41:21.343Z [INFO]: Closing server...
2025-01-26T10:41:34.516Z [INFO]: Server running on port 5000
2025-01-26T10:43:20.255Z [INFO]: Closing server...
2025-01-26T10:43:23.797Z [INFO]: Server running on port 5000
2025-01-26T10:54:08.171Z [INFO]: Closing server...
2025-01-26T10:55:19.146Z [INFO]: Server running on port 5000
2025-01-26T10:55:39.030Z [INFO]: Closing server...
2025-01-26T10:55:42.310Z [INFO]: Server running on port 5000
2025-01-26T10:56:09.687Z [INFO]: Closing server...
2025-01-26T10:56:41.064Z [INFO]: Server running on port 5000
2025-01-26T10:59:12.892Z [INFO]: Closing server...
2025-01-26T11:00:52.376Z [INFO]: Server running on port 5000
2025-01-26T11:02:06.429Z [INFO]: Closing server...
2025-01-27T12:26:13.928Z [INFO]: Server running on port 5000
2025-01-27T12:31:02.996Z [INFO]: Closing server...
2025-01-27T12:36:53.039Z [INFO]: Server running on port 5000
2025-01-27T12:37:34.709Z [INFO]: Closing server...
2025-01-27T12:38:54.216Z [INFO]: Server closed.
2025-01-28T14:10:27.228Z [INFO]: Server running on port 5000
2025-01-28T16:57:10.175Z [INFO]: Closing server...
2025-01-28T16:57:17.740Z [INFO]: Server running on port 5000
2025-01-28T16:58:15.040Z [INFO]: Server running on port 5000
2025-01-28T16:58:43.202Z [INFO]: Closing server...
2025-01-28T16:59:57.953Z [INFO]: Server running on port 5000
2025-01-28T17:00:50.620Z [INFO]: Server running on port 5000
2025-01-28T17:16:30.343Z [INFO]: Closing server...
2025-01-28T17:23:15.078Z [INFO]: Server running on port 5000
2025-01-30T03:22:37.247Z [INFO]: Server running on port 5000
2025-01-30T03:22:40.304Z [INFO]: Closing server...
